c:\users\11038\documents\c++\finalproject_jiayiye\finalproject\x64\debug\vc141.pdb
c:\users\11038\documents\c++\finalproject_jiayiye\finalproject\x64\debug\vc141.idb
c:\users\11038\documents\c++\finalproject_jiayiye\finalproject\x64\debug\storagehelper_jiayiye.obj
c:\users\11038\documents\c++\finalproject_jiayiye\finalproject\x64\debug\stockaccount_jiayiye.obj
c:\users\11038\documents\c++\finalproject_jiayiye\finalproject\x64\debug\sortmethod_jiayiye.obj
c:\users\11038\documents\c++\finalproject_jiayiye\finalproject\x64\debug\node_jiayiye.obj
c:\users\11038\documents\c++\finalproject_jiayiye\finalproject\x64\debug\matlab_jiayiye.obj
c:\users\11038\documents\c++\finalproject_jiayiye\finalproject\x64\debug\main_jiayiye.obj
c:\users\11038\documents\c++\finalproject_jiayiye\finalproject\x64\debug\doublelinkedlist_jiayiye.obj
c:\users\11038\documents\c++\finalproject_jiayiye\finalproject\x64\debug\bankaccount_jiayiye.obj
c:\users\11038\documents\c++\finalproject_jiayiye\finalproject\x64\debug\account_jiayiye.obj
c:\users\11038\documents\c++\finalproject_jiayiye\x64\debug\finalproject.ilk
c:\users\11038\documents\c++\finalproject_jiayiye\x64\debug\finalproject.exe
c:\users\11038\documents\c++\finalproject_jiayiye\x64\debug\finalproject.pdb
c:\users\11038\documents\c++\finalproject_jiayiye\finalproject\x64\debug\finalproject.tlog\cl.command.1.tlog
c:\users\11038\documents\c++\finalproject_jiayiye\finalproject\x64\debug\finalproject.tlog\cl.read.1.tlog
c:\users\11038\documents\c++\finalproject_jiayiye\finalproject\x64\debug\finalproject.tlog\cl.write.1.tlog
c:\users\11038\documents\c++\finalproject_jiayiye\finalproject\x64\debug\finalproject.tlog\link.command.1.tlog
c:\users\11038\documents\c++\finalproject_jiayiye\finalproject\x64\debug\finalproject.tlog\link.read.1.tlog
c:\users\11038\documents\c++\finalproject_jiayiye\finalproject\x64\debug\finalproject.tlog\link.write.1.tlog
